<?xml version="1.0" encoding="UTF-8"?>
<!-- Generated by org.testng.reporters.JUnitReportReporter -->
<testsuite hostname="RAJKIRAN" failures="0" tests="1" name="TestNg.SoftTest" time="0.032" errors="0" timestamp="24 Oct 2020 13:14:57 GMT" skipped="0">
  <testcase classname="TestNg.SoftTest" name="demo" time="0.032"/>
</testsuite> <!-- TestNg.SoftTest -->
