<?xml version="1.0" encoding="UTF-8"?>
<!-- Generated by org.testng.reporters.JUnitReportReporter -->
<testsuite hostname="RAJKIRAN" failures="0" tests="1" name="TestNg.TestCaseAssertion" time="11.431" errors="0" timestamp="24 Oct 2020 12:17:41 GMT" skipped="0">
  <testcase classname="TestNg.TestCaseAssertion" name="loginTest" time="11.431"/>
</testsuite> <!-- TestNg.TestCaseAssertion -->
