<?xml version="1.0" encoding="UTF-8"?>
<!-- Generated by org.testng.reporters.JUnitReportReporter -->
<testsuite hostname="RAJKIRAN" failures="0" tests="2" name="TestngPackage.TestngDepend" time="0.018" errors="0" timestamp="24 Oct 2020 08:49:11 GMT" skipped="0">
  <testcase classname="TestngPackage.TestngDepend" name="logintest" time="0.016"/>
  <testcase classname="TestngPackage.TestngDepend" name="homepage" time="0.002"/>
</testsuite> <!-- TestngPackage.TestngDepend -->
