<?xml version="1.0" encoding="UTF-8"?>
<!-- Generated by org.testng.reporters.JUnitReportReporter -->
<testsuite hostname="RAJKIRAN" failures="0" tests="10" name="TestngPackage.InvocationSumCount" time="0.033" errors="0" timestamp="24 Oct 2020 08:52:12 GMT" skipped="0">
  <testcase classname="TestngPackage.InvocationSumCount" name="logintest" time="0.003"/>
  <testcase classname="TestngPackage.InvocationSumCount" name="logintest" time="0.004"/>
  <testcase classname="TestngPackage.InvocationSumCount" name="logintest" time="0.013"/>
  <testcase classname="TestngPackage.InvocationSumCount" name="logintest" time="0.002"/>
  <testcase classname="TestngPackage.InvocationSumCount" name="logintest" time="0.001"/>
  <testcase classname="TestngPackage.InvocationSumCount" name="logintest" time="0.003"/>
  <testcase classname="TestngPackage.InvocationSumCount" name="logintest" time="0.002"/>
  <testcase classname="TestngPackage.InvocationSumCount" name="logintest" time="0.002"/>
  <testcase classname="TestngPackage.InvocationSumCount" name="logintest" time="0.001"/>
  <testcase classname="TestngPackage.InvocationSumCount" name="logintest" time="0.002"/>
</testsuite> <!-- TestngPackage.InvocationSumCount -->
